<?xml version="1.0" encoding="UTF-8"?>
<!-- Generated by org.testng.reporters.JUnitXMLReporter -->
<testsuite hostname="LAPTOP-5T12JP60" ignored="0" name="Web Tests" tests="5" failures="0" timestamp="19 Sep 2020 07:18:04 GMT" time="61.15" errors="0">
  <testcase name="testJSScript" time="5.134" classname="com.fullstack.batch3.AppTest"/>
  <testcase name="verifyTitle" time="5.372" classname="com.fullstack.batch3.AppTest"/>
  <testcase name="testSwitches" time="8.573" classname="com.fullstack.batch3.AppTest"/>
  <testcase name="testNavigation" time="33.505" classname="com.fullstack.batch3.AppTest"/>
  <testcase name="loginWithCorrectCredentials" time="8.9" classname="com.fullstack.batch3.AppTest"/>
</testsuite> <!-- Web Tests -->
